<?xml version="1.0" encoding="UTF-8"?>
<coverage generated="1788462189518" clover="3.2.0">
  <project timestamp="1788462189518" name="All files">
    <metrics statements="45" coveredstatements="42" conditionals="42" coveredconditionals="39" methods="6" coveredmethods="6" elements="93" coveredelements="87" complexity="0" loc="45" ncloc="45" packages="1" files="3" classes="3"/>
    <file name="buildFilter.ts" path="C:\Users\willi\Mendix\MyPluggableWidgets\olari.navbarsearch\src\utils\buildFilter.ts">
      <metrics statements="8" coveredstatements="8" conditionals="8" coveredconditionals="8" methods="3" coveredmethods="3"/>
      <line num="2" count="1" type="stmt"/>
      <line num="9" count="5" type="stmt"/>
      <line num="10" count="5" type="cond" truecount="4" falsecount="0"/>
      <line num="11" count="2" type="stmt"/>
      <line num="13" count="3" type="stmt"/>
      <line num="14" count="7" type="stmt"/>
      <line num="15" count="4" type="cond" truecount="2" falsecount="0"/>
      <line num="17" count="3" type="cond" truecount="2" falsecount="0"/>
    </file>
    <file name="searchReducer.ts" path="C:\Users\willi\Mendix\MyPluggableWidgets\olari.navbarsearch\src\utils\searchReducer.ts">
      <metrics statements="25" coveredstatements="22" conditionals="30" coveredconditionals="27" methods="2" coveredmethods="2"/>
      <line num="28" count="1" type="stmt"/>
      <line num="38" count="22" type="stmt"/>
      <line num="39" count="22" type="cond" truecount="9" falsecount="1"/>
      <line num="41" count="4" type="cond" truecount="2" falsecount="0"/>
      <line num="42" count="3" type="stmt"/>
      <line num="44" count="1" type="cond" truecount="1" falsecount="1"/>
      <line num="45" count="1" type="stmt"/>
      <line num="47" count="0" type="stmt"/>
      <line num="49" count="2" type="cond" truecount="2" falsecount="0"/>
      <line num="53" count="4" type="cond" truecount="2" falsecount="0"/>
      <line num="54" count="1" type="stmt"/>
      <line num="56" count="3" type="cond" truecount="2" falsecount="0"/>
      <line num="57" count="2" type="stmt"/>
      <line num="59" count="1" type="stmt"/>
      <line num="62" count="1" type="stmt"/>
      <line num="64" count="4" type="cond" truecount="2" falsecount="0"/>
      <line num="65" count="1" type="stmt"/>
      <line num="67" count="3" type="stmt"/>
      <line num="74" count="1" type="stmt"/>
      <line num="76" count="2" type="cond" truecount="1" falsecount="1"/>
      <line num="77" count="0" type="stmt"/>
      <line num="79" count="2" type="stmt"/>
      <line num="80" count="2" type="stmt"/>
      <line num="84" count="4" type="cond" truecount="2" falsecount="0"/>
      <line num="88" count="0" type="stmt"/>
    </file>
    <file name="tokenize.ts" path="C:\Users\willi\Mendix\MyPluggableWidgets\olari.navbarsearch\src\utils\tokenize.ts">
      <metrics statements="12" coveredstatements="12" conditionals="4" coveredconditionals="4" methods="1" coveredmethods="1"/>
      <line num="1" count="4" type="stmt"/>
      <line num="2" count="4" type="stmt"/>
      <line num="3" count="4" type="stmt"/>
      <line num="4" count="4" type="stmt"/>
      <line num="5" count="6" type="cond" truecount="2" falsecount="0"/>
      <line num="6" count="2" type="stmt"/>
      <line num="8" count="4" type="stmt"/>
      <line num="9" count="4" type="cond" truecount="2" falsecount="0"/>
      <line num="10" count="1" type="stmt"/>
      <line num="12" count="3" type="stmt"/>
      <line num="13" count="3" type="stmt"/>
      <line num="15" count="4" type="stmt"/>
    </file>
  </project>
</coverage>
