{"C:\\Users\\willi\\Mendix\\MyPluggableWidgets\\olari.navbarsearch\\src\\utils\\buildFilter.ts": {"path":"C:\\Users\\willi\\Mendix\\MyPluggableWidgets\\olari.navbarsearch\\src\\utils\\buildFilter.ts","statementMap":{"0":{"start":{"line":9,"column":16},"end":{"line":9,"column":28}},"1":{"start":{"line":2,"column":54},"end":{"line":2,"column":null}},"2":{"start":{"line":10,"column":4},"end":{"line":12,"column":null}},"3":{"start":{"line":11,"column":8},"end":{"line":11,"column":null}},"4":{"start":{"line":13,"column":21},"end":{"line":16,"column":null}},"5":{"start":{"line":14,"column":22},"end":{"line":14,"column":null}},"6":{"start":{"line":14,"column":37},"end":{"line":14,"column":null}},"7":{"start":{"line":15,"column":8},"end":{"line":15,"column":null}},"8":{"start":{"line":17,"column":4},"end":{"line":17,"column":null}}},"fnMap":{"0":{"name":"buildFilter","decl":{"start":{"line":9,"column":16},"end":{"line":9,"column":28}},"loc":{"start":{"line":9,"column":86},"end":{"line":18,"column":null}}},"1":{"name":"(anonymous_2)","decl":{"start":{"line":13,"column":32},"end":{"line":13,"column":null}},"loc":{"start":{"line":13,"column":32},"end":{"line":16,"column":null}}},"2":{"name":"(anonymous_3)","decl":{"start":{"line":14,"column":32},"end":{"line":14,"column":37}},"loc":{"start":{"line":14,"column":37},"end":{"line":14,"column":null}}}},"branchMap":{"0":{"loc":{"start":{"line":10,"column":4},"end":{"line":12,"column":null}},"type":"if","locations":[{"start":{"line":10,"column":4},"end":{"line":12,"column":null}},{"start":{},"end":{}}]},"1":{"loc":{"start":{"line":10,"column":8},"end":{"line":10,"column":51}},"type":"binary-expr","locations":[{"start":{"line":10,"column":8},"end":{"line":10,"column":31}},{"start":{"line":10,"column":31},"end":{"line":10,"column":51}}]},"2":{"loc":{"start":{"line":15,"column":15},"end":{"line":15,"column":null}},"type":"cond-expr","locations":[{"start":{"line":15,"column":36},"end":{"line":15,"column":44}},{"start":{"line":15,"column":47},"end":{"line":15,"column":null}}]},"3":{"loc":{"start":{"line":17,"column":11},"end":{"line":17,"column":null}},"type":"cond-expr","locations":[{"start":{"line":17,"column":35},"end":{"line":17,"column":46}},{"start":{"line":17,"column":49},"end":{"line":17,"column":null}}]}},"s":{"0":5,"1":1,"2":5,"3":2,"4":3,"5":4,"6":7,"7":4,"8":3},"f":{"0":5,"1":4,"2":7},"b":{"0":[2,3],"1":[5,4],"2":[1,3],"3":[2,1]}}
,"C:\\Users\\willi\\Mendix\\MyPluggableWidgets\\olari.navbarsearch\\src\\utils\\searchReducer.ts": {"path":"C:\\Users\\willi\\Mendix\\MyPluggableWidgets\\olari.navbarsearch\\src\\utils\\searchReducer.ts","statementMap":{"0":{"start":{"line":28,"column":13},"end":{"line":28,"column":28}},"1":{"start":{"line":38,"column":16},"end":{"line":38,"column":24}},"2":{"start":{"line":28,"column":28},"end":{"line":36,"column":null}},"3":{"start":{"line":28,"column":48},"end":{"line":36,"column":null}},"4":{"start":{"line":39,"column":4},"end":{"line":89,"column":null}},"5":{"start":{"line":41,"column":12},"end":{"line":43,"column":null}},"6":{"start":{"line":42,"column":16},"end":{"line":42,"column":null}},"7":{"start":{"line":44,"column":12},"end":{"line":46,"column":null}},"8":{"start":{"line":45,"column":16},"end":{"line":45,"column":null}},"9":{"start":{"line":47,"column":12},"end":{"line":47,"column":null}},"10":{"start":{"line":49,"column":12},"end":{"line":51,"column":null}},"11":{"start":{"line":53,"column":12},"end":{"line":55,"column":null}},"12":{"start":{"line":54,"column":16},"end":{"line":54,"column":null}},"13":{"start":{"line":56,"column":12},"end":{"line":58,"column":null}},"14":{"start":{"line":57,"column":16},"end":{"line":57,"column":null}},"15":{"start":{"line":59,"column":12},"end":{"line":59,"column":null}},"16":{"start":{"line":62,"column":12},"end":{"line":62,"column":null}},"17":{"start":{"line":64,"column":12},"end":{"line":66,"column":null}},"18":{"start":{"line":65,"column":16},"end":{"line":65,"column":null}},"19":{"start":{"line":67,"column":12},"end":{"line":72,"column":null}},"20":{"start":{"line":74,"column":12},"end":{"line":74,"column":null}},"21":{"start":{"line":76,"column":12},"end":{"line":78,"column":null}},"22":{"start":{"line":77,"column":16},"end":{"line":77,"column":null}},"23":{"start":{"line":79,"column":25},"end":{"line":79,"column":68}},"24":{"start":{"line":80,"column":12},"end":{"line":80,"column":null}},"25":{"start":{"line":84,"column":12},"end":{"line":86,"column":null}},"26":{"start":{"line":88,"column":12},"end":{"line":88,"column":null}}},"fnMap":{"0":{"name":"(anonymous_3)","decl":{"start":{"line":28,"column":28},"end":{"line":28,"column":48}},"loc":{"start":{"line":28,"column":48},"end":{"line":36,"column":null}}},"1":{"name":"reducer","decl":{"start":{"line":38,"column":16},"end":{"line":38,"column":24}},"loc":{"start":{"line":38,"column":49},"end":{"line":90,"column":null}}}},"branchMap":{"0":{"loc":{"start":{"line":39,"column":4},"end":{"line":89,"column":null}},"type":"switch","locations":[{"start":{"line":40,"column":8},"end":{"line":47,"column":null}},{"start":{"line":48,"column":8},"end":{"line":51,"column":null}},{"start":{"line":52,"column":8},"end":{"line":60,"column":null}},{"start":{"line":61,"column":8},"end":{"line":62,"column":null}},{"start":{"line":63,"column":8},"end":{"line":72,"column":null}},{"start":{"line":73,"column":8},"end":{"line":74,"column":null}},{"start":{"line":75,"column":8},"end":{"line":81,"column":null}},{"start":{"line":82,"column":8},"end":{"line":82,"column":null}},{"start":{"line":83,"column":8},"end":{"line":86,"column":null}},{"start":{"line":87,"column":8},"end":{"line":88,"column":null}}]},"1":{"loc":{"start":{"line":41,"column":12},"end":{"line":43,"column":null}},"type":"if","locations":[{"start":{"line":41,"column":12},"end":{"line":43,"column":null}},{"start":{},"end":{}}]},"2":{"loc":{"start":{"line":44,"column":12},"end":{"line":46,"column":null}},"type":"if","locations":[{"start":{"line":44,"column":12},"end":{"line":46,"column":null}},{"start":{},"end":{}}]},"3":{"loc":{"start":{"line":49,"column":19},"end":{"line":51,"column":null}},"type":"cond-expr","locations":[{"start":{"line":50,"column":18},"end":{"line":50,"column":null}},{"start":{"line":51,"column":18},"end":{"line":51,"column":null}}]},"4":{"loc":{"start":{"line":53,"column":12},"end":{"line":55,"column":null}},"type":"if","locations":[{"start":{"line":53,"column":12},"end":{"line":55,"column":null}},{"start":{},"end":{}}]},"5":{"loc":{"start":{"line":56,"column":12},"end":{"line":58,"column":null}},"type":"if","locations":[{"start":{"line":56,"column":12},"end":{"line":58,"column":null}},{"start":{},"end":{}}]},"6":{"loc":{"start":{"line":64,"column":12},"end":{"line":66,"column":null}},"type":"if","locations":[{"start":{"line":64,"column":12},"end":{"line":66,"column":null}},{"start":{},"end":{}}]},"7":{"loc":{"start":{"line":71,"column":27},"end":{"line":71,"column":null}},"type":"cond-expr","locations":[{"start":{"line":71,"column":71},"end":{"line":71,"column":82}},{"start":{"line":71,"column":85},"end":{"line":71,"column":null}}]},"8":{"loc":{"start":{"line":71,"column":27},"end":{"line":71,"column":68}},"type":"binary-expr","locations":[{"start":{"line":71,"column":27},"end":{"line":71,"column":47}},{"start":{"line":71,"column":47},"end":{"line":71,"column":68}}]},"9":{"loc":{"start":{"line":76,"column":12},"end":{"line":78,"column":null}},"type":"if","locations":[{"start":{"line":76,"column":12},"end":{"line":78,"column":null}},{"start":{},"end":{}}]},"10":{"loc":{"start":{"line":84,"column":19},"end":{"line":86,"column":null}},"type":"cond-expr","locations":[{"start":{"line":85,"column":18},"end":{"line":85,"column":null}},{"start":{"line":86,"column":18},"end":{"line":86,"column":null}}]}},"s":{"0":1,"1":22,"2":1,"3":1,"4":22,"5":4,"6":3,"7":1,"8":1,"9":0,"10":2,"11":4,"12":1,"13":3,"14":2,"15":1,"16":1,"17":4,"18":1,"19":3,"20":1,"21":2,"22":0,"23":2,"24":2,"25":4,"26":0},"f":{"0":1,"1":22},"b":{"0":[4,2,4,1,4,1,2,3,4,0],"1":[3,1],"2":[1,0],"3":[1,1],"4":[1,3],"5":[2,1],"6":[1,3],"7":[1,2],"8":[3,1],"9":[0,2],"10":[3,1]}}
,"C:\\Users\\willi\\Mendix\\MyPluggableWidgets\\olari.navbarsearch\\src\\utils\\tokenize.ts": {"path":"C:\\Users\\willi\\Mendix\\MyPluggableWidgets\\olari.navbarsearch\\src\\utils\\tokenize.ts","statementMap":{"0":{"start":{"line":1,"column":16},"end":{"line":1,"column":25}},"1":{"start":{"line":2,"column":17},"end":{"line":2,"column":null}},"2":{"start":{"line":3,"column":26},"end":{"line":3,"column":28}},"3":{"start":{"line":4,"column":4},"end":{"line":14,"column":null}},"4":{"start":{"line":5,"column":8},"end":{"line":7,"column":null}},"5":{"start":{"line":6,"column":12},"end":{"line":6,"column":null}},"6":{"start":{"line":8,"column":20},"end":{"line":8,"column":null}},"7":{"start":{"line":9,"column":8},"end":{"line":11,"column":null}},"8":{"start":{"line":10,"column":12},"end":{"line":10,"column":null}},"9":{"start":{"line":12,"column":8},"end":{"line":12,"column":null}},"10":{"start":{"line":13,"column":8},"end":{"line":13,"column":null}},"11":{"start":{"line":15,"column":4},"end":{"line":15,"column":null}}},"fnMap":{"0":{"name":"tokenize","decl":{"start":{"line":1,"column":16},"end":{"line":1,"column":25}},"loc":{"start":{"line":1,"column":37},"end":{"line":16,"column":null}}}},"branchMap":{"0":{"loc":{"start":{"line":5,"column":8},"end":{"line":7,"column":null}},"type":"if","locations":[{"start":{"line":5,"column":8},"end":{"line":7,"column":null}},{"start":{},"end":{}}]},"1":{"loc":{"start":{"line":9,"column":8},"end":{"line":11,"column":null}},"type":"if","locations":[{"start":{"line":9,"column":8},"end":{"line":11,"column":null}},{"start":{},"end":{}}]}},"s":{"0":4,"1":4,"2":4,"3":4,"4":6,"5":2,"6":4,"7":4,"8":1,"9":3,"10":3,"11":4},"f":{"0":4},"b":{"0":[2,4],"1":[1,3]}}
}
