TN:
SF:src\utils\buildFilter.ts
FN:9,buildFilter
FN:13,(anonymous_2)
FN:14,(anonymous_3)
FNF:3
FNH:3
FNDA:5,buildFilter
FNDA:4,(anonymous_2)
FNDA:7,(anonymous_3)
DA:2,1
DA:9,5
DA:10,5
DA:11,2
DA:13,3
DA:14,7
DA:15,4
DA:17,3
LF:8
LH:8
BRDA:10,0,0,2
BRDA:10,0,1,3
BRDA:10,1,0,5
BRDA:10,1,1,4
BRDA:15,2,0,1
BRDA:15,2,1,3
BRDA:17,3,0,2
BRDA:17,3,1,1
BRF:8
BRH:8
end_of_record
TN:
SF:src\utils\searchReducer.ts
FN:28,(anonymous_3)
FN:38,reducer
FNF:2
FNH:2
FNDA:1,(anonymous_3)
FNDA:22,reducer
DA:28,1
DA:38,22
DA:39,22
DA:41,4
DA:42,3
DA:44,1
DA:45,1
DA:47,0
DA:49,2
DA:53,4
DA:54,1
DA:56,3
DA:57,2
DA:59,1
DA:62,1
DA:64,4
DA:65,1
DA:67,3
DA:74,1
DA:76,2
DA:77,0
DA:79,2
DA:80,2
DA:84,4
DA:88,0
LF:25
LH:22
BRDA:39,0,0,4
BRDA:39,0,1,2
BRDA:39,0,2,4
BRDA:39,0,3,1
BRDA:39,0,4,4
BRDA:39,0,5,1
BRDA:39,0,6,2
BRDA:39,0,7,3
BRDA:39,0,8,4
BRDA:39,0,9,0
BRDA:41,1,0,3
BRDA:41,1,1,1
BRDA:44,2,0,1
BRDA:44,2,1,0
BRDA:49,3,0,1
BRDA:49,3,1,1
BRDA:53,4,0,1
BRDA:53,4,1,3
BRDA:56,5,0,2
BRDA:56,5,1,1
BRDA:64,6,0,1
BRDA:64,6,1,3
BRDA:71,7,0,1
BRDA:71,7,1,2
BRDA:71,8,0,3
BRDA:71,8,1,1
BRDA:76,9,0,0
BRDA:76,9,1,2
BRDA:84,10,0,3
BRDA:84,10,1,1
BRF:30
BRH:27
end_of_record
TN:
SF:src\utils\tokenize.ts
FN:1,tokenize
FNF:1
FNH:1
FNDA:4,tokenize
DA:1,4
DA:2,4
DA:3,4
DA:4,4
DA:5,6
DA:6,2
DA:8,4
DA:9,4
DA:10,1
DA:12,3
DA:13,3
DA:15,4
LF:12
LH:12
BRDA:5,0,0,2
BRDA:5,0,1,4
BRDA:9,1,0,1
BRDA:9,1,1,3
BRF:4
BRH:4
end_of_record
