TN:
SF:src\utils\buildFilter.ts
FN:9,buildFilter
FN:13,(anonymous_2)
FN:14,(anonymous_3)
FNF:3
FNH:3
FNDA:5,buildFilter
FNDA:4,(anonymous_2)
FNDA:7,(anonymous_3)
DA:2,1
DA:9,5
DA:10,5
DA:11,2
DA:13,3
DA:14,7
DA:15,4
DA:17,3
LF:8
LH:8
BRDA:10,0,0,2
BRDA:10,0,1,3
BRDA:10,1,0,5
BRDA:10,1,1,4
BRDA:15,2,0,1
BRDA:15,2,1,3
BRDA:17,3,0,2
BRDA:17,3,1,1
BRF:8
BRH:8
end_of_record
TN:
SF:src\utils\searchReducer.ts
FN:26,(anonymous_3)
FN:35,reducer
FNF:2
FNH:2
FNDA:1,(anonymous_3)
FNDA:19,reducer
DA:26,1
DA:35,19
DA:36,19
DA:38,4
DA:39,3
DA:41,1
DA:42,1
DA:44,0
DA:46,2
DA:50,3
DA:51,1
DA:53,2
DA:54,1
DA:56,1
DA:59,1
DA:61,3
DA:62,1
DA:64,2
DA:66,1
DA:68,2
DA:69,0
DA:71,2
DA:72,2
DA:76,3
DA:80,0
LF:25
LH:22
BRDA:36,0,0,4
BRDA:36,0,1,2
BRDA:36,0,2,3
BRDA:36,0,3,1
BRDA:36,0,4,3
BRDA:36,0,5,1
BRDA:36,0,6,2
BRDA:36,0,7,2
BRDA:36,0,8,3
BRDA:36,0,9,0
BRDA:38,1,0,3
BRDA:38,1,1,1
BRDA:41,2,0,1
BRDA:41,2,1,0
BRDA:46,3,0,1
BRDA:46,3,1,1
BRDA:50,4,0,1
BRDA:50,4,1,2
BRDA:53,5,0,1
BRDA:53,5,1,1
BRDA:61,6,0,1
BRDA:61,6,1,2
BRDA:64,7,0,1
BRDA:64,7,1,1
BRDA:64,8,0,2
BRDA:64,8,1,1
BRDA:68,9,0,0
BRDA:68,9,1,2
BRDA:76,10,0,2
BRDA:76,10,1,1
BRF:30
BRH:27
end_of_record
TN:
SF:src\utils\tokenize.ts
FN:1,tokenize
FNF:1
FNH:1
FNDA:4,tokenize
DA:1,4
DA:2,4
DA:3,4
DA:4,4
DA:5,6
DA:6,2
DA:8,4
DA:9,4
DA:10,1
DA:12,3
DA:13,3
DA:15,4
LF:12
LH:12
BRDA:5,0,0,2
BRDA:5,0,1,4
BRDA:9,1,0,1
BRDA:9,1,1,3
BRF:4
BRH:4
end_of_record
